  Error.cpp
  FST.cpp
D:\KAD-2023-CP\KAD-2023\KAD-2023\FST.cpp(66,17): warning C4267: инициализация: преобразование из "size_t" в "short"; возможна потеря данных
  Generation.cpp
  GRB.cpp
  In.cpp
  IT.cpp
D:\KAD-2023-CP\KAD-2023\KAD-2023\IT.cpp(56,33): warning C4267: =: преобразование из "size_t" в "unsigned char"; возможна потеря данных
  KAD-2023.cpp
  LexAnalysis.cpp
  Log.cpp
  LT.cpp
  MFST.cpp
D:\KAD-2023-CP\KAD-2023\KAD-2023\MFST.cpp(275,22): warning C4018: <: несоответствие типов со знаком и без знака
D:\KAD-2023-CP\KAD-2023\KAD-2023\MFST.cpp(280,15): warning C4267: инициализация: преобразование из "size_t" в "short"; возможна потеря данных
D:\KAD-2023-CP\KAD-2023\KAD-2023\MFST.cpp(293,71): warning C4267: =: преобразование из "size_t" в "short"; возможна потеря данных
D:\KAD-2023-CP\KAD-2023\KAD-2023\MFST.cpp(298,22): warning C4018: <: несоответствие типов со знаком и без знака
D:\KAD-2023-CP\KAD-2023\KAD-2023\MFST.cpp(304,15): warning C4267: инициализация: преобразование из "size_t" в "short"; возможна потеря данных
  Out.cpp
  Parm.cpp
  PolishNotation.cpp
  SemanticAnalysis.cpp
  Создание кода...
D:\KAD-2023-CP\KAD-2023\KAD-2023\PolishNotation.cpp(132): warning C4715: PN::priority: значение возвращается не при всех путях выполнения
  KAD-2023.vcxproj -> D:\KAD-2023-CP\KAD-2023\Debug\KAD-2023.exe
