d:\kad-2023-cp\kad-2023\kad-2023\debug\vc143.pdb
d:\kad-2023-cp\kad-2023\kad-2023\debug\vc143.idb
d:\kad-2023-cp\kad-2023\kad-2023\debug\semanticanalysis.obj
d:\kad-2023-cp\kad-2023\kad-2023\debug\polishnotation.obj
d:\kad-2023-cp\kad-2023\kad-2023\debug\parm.obj
d:\kad-2023-cp\kad-2023\kad-2023\debug\out.obj
d:\kad-2023-cp\kad-2023\kad-2023\debug\mfst.obj
d:\kad-2023-cp\kad-2023\kad-2023\debug\lt.obj
d:\kad-2023-cp\kad-2023\kad-2023\debug\log.obj
d:\kad-2023-cp\kad-2023\kad-2023\debug\lexanalysis.obj
d:\kad-2023-cp\kad-2023\kad-2023\debug\kad-2023.obj
d:\kad-2023-cp\kad-2023\kad-2023\debug\it.obj
d:\kad-2023-cp\kad-2023\kad-2023\debug\in.obj
d:\kad-2023-cp\kad-2023\kad-2023\debug\grb.obj
d:\kad-2023-cp\kad-2023\kad-2023\debug\generation.obj
d:\kad-2023-cp\kad-2023\kad-2023\debug\fst.obj
d:\kad-2023-cp\kad-2023\kad-2023\debug\error.obj
d:\kad-2023-cp\kad-2023\debug\kad-2023.exe
d:\kad-2023-cp\kad-2023\kad-2023\debug\kad-2023.ilk
d:\kad-2023-cp\kad-2023\debug\kad-2023.pdb
d:\kad-2023-cp\kad-2023\kad-2023\debug\kad-2023.tlog\cl.command.1.tlog
d:\kad-2023-cp\kad-2023\kad-2023\debug\kad-2023.tlog\cl.items.tlog
d:\kad-2023-cp\kad-2023\kad-2023\debug\kad-2023.tlog\cl.read.1.tlog
d:\kad-2023-cp\kad-2023\kad-2023\debug\kad-2023.tlog\cl.write.1.tlog
d:\kad-2023-cp\kad-2023\kad-2023\debug\kad-2023.tlog\link.command.1.tlog
d:\kad-2023-cp\kad-2023\kad-2023\debug\kad-2023.tlog\link.read.1.tlog
d:\kad-2023-cp\kad-2023\kad-2023\debug\kad-2023.tlog\link.write.1.tlog
